<?xml version="1.0" encoding="UTF-8"?>
<robot generator="Robot 7.3.2 (Python 3.13.4 on win32)" generated="2025-08-11T17:21:05.559554" rpa="false" schemaversion="5">
<suite id="s1" name="Login" source="c:\prime\Testes_auto\ecommerce_tests\tests\login.robot">
<test id="s1-t1" name="Excluir cadastro do usuário" line="14">
<kw name="Dado que eu abra o navegador" owner="resource">
<kw name="Open Browser" owner="SeleniumLibrary">
<msg time="2025-08-11T17:21:06.330369" level="INFO">Opening browser 'Chrome' to base url 'https://automationexercise.com/'.</msg>
<arg>https://automationexercise.com/</arg>
<arg>Chrome</arg>
<doc>Opens a new browser instance to the optional ``url``.</doc>
<status status="PASS" start="2025-08-11T17:21:06.327804" elapsed="7.876708"/>
</kw>
<kw name="Maximize Browser Window" owner="SeleniumLibrary">
<doc>Maximizes current browser window.</doc>
<status status="PASS" start="2025-08-11T17:21:14.206282" elapsed="0.046252"/>
</kw>
<kw name="Sleep" owner="BuiltIn">
<msg time="2025-08-11T17:21:17.259898" level="INFO">Slept 3 seconds.</msg>
<arg>3s</arg>
<doc>Pauses the test executed for the given time.</doc>
<status status="PASS" start="2025-08-11T17:21:14.255287" elapsed="3.005310"/>
</kw>
<status status="PASS" start="2025-08-11T17:21:06.320534" elapsed="10.940598"/>
</kw>
<kw name="Quando acesso a conta do usuário cadastrado" owner="resource">
<kw name="Click Element" owner="SeleniumLibrary">
<msg time="2025-08-11T17:21:17.272345" level="INFO">Clicking element '//a[text()=" Signup / Login"]'.</msg>
<arg>${login.logar}</arg>
<doc>Click the element identified by ``locator``.</doc>
<status status="PASS" start="2025-08-11T17:21:17.267395" elapsed="1.273997"/>
</kw>
<kw name="Input Text" owner="SeleniumLibrary">
<msg time="2025-08-11T17:21:18.549017" level="INFO">Typing text 'celsosouzay9@hotmail.com' into text field '(//input[@placeholder="Email Address"])[1]'.</msg>
<arg>${login.email}</arg>
<arg>celsosouzay9@hotmail.com</arg>
<doc>Types the given ``text`` into the text field identified by ``locator``.</doc>
<status status="PASS" start="2025-08-11T17:21:18.543099" elapsed="0.357002"/>
</kw>
<kw name="Input Text" owner="SeleniumLibrary">
<msg time="2025-08-11T17:21:18.904128" level="INFO">Typing text 'p12346' into text field '//input[@data-qa='login-password']'.</msg>
<arg>${login.senha}</arg>
<arg>p12346</arg>
<doc>Types the given ``text`` into the text field identified by ``locator``.</doc>
<status status="PASS" start="2025-08-11T17:21:18.901020" elapsed="0.147019"/>
</kw>
<kw name="Click Button" owner="SeleniumLibrary">
<msg time="2025-08-11T17:21:19.053875" level="INFO">Clicking button '//button[text()="Login"]'.</msg>
<arg>${login.botaoLogin}</arg>
<doc>Clicks the button identified by ``locator``.</doc>
<status status="PASS" start="2025-08-11T17:21:19.050242" elapsed="2.779106"/>
</kw>
<status status="PASS" start="2025-08-11T17:21:17.263619" elapsed="4.566547"/>
</kw>
<kw name="E clico no botão &quot;delete account&quot; para excluir a conta" owner="resource">
<kw name="Wait Until Element Is Visible" owner="SeleniumLibrary">
<arg>${login.deletarConta}</arg>
<arg>3s</arg>
<doc>Waits until the element ``locator`` is visible.</doc>
<status status="PASS" start="2025-08-11T17:21:21.833682" elapsed="0.032635"/>
</kw>
<kw name="Click Element" owner="SeleniumLibrary">
<msg time="2025-08-11T17:21:21.868945" level="INFO">Clicking element '//a[text()=' Delete Account']'.</msg>
<arg>${login.deletarConta}</arg>
<doc>Click the element identified by ``locator``.</doc>
<status status="PASS" start="2025-08-11T17:21:21.867115" elapsed="0.737480"/>
</kw>
<kw name="Wait Until Element Is Visible" owner="SeleniumLibrary">
<arg>${login.msgContaDeletada}</arg>
<arg>3s</arg>
<doc>Waits until the element ``locator`` is visible.</doc>
<status status="PASS" start="2025-08-11T17:21:22.606069" elapsed="0.033046"/>
</kw>
<status status="PASS" start="2025-08-11T17:21:21.832178" elapsed="0.807513"/>
</kw>
<kw name="Então a conta deve ser deletada com sucesso" owner="resource">
<kw name="Element Should Be Visible" owner="SeleniumLibrary">
<msg time="2025-08-11T17:21:22.686584" level="INFO">Element '//b[text()='Account Deleted!']' is displayed.</msg>
<arg>${login.msgContaDeletada}</arg>
<doc>Verifies that the element identified by ``locator`` is visible.</doc>
<status status="PASS" start="2025-08-11T17:21:22.644587" elapsed="0.043314"/>
</kw>
<status status="PASS" start="2025-08-11T17:21:22.641117" elapsed="0.047833"/>
</kw>
<status status="PASS" start="2025-08-11T17:21:06.313237" elapsed="16.410102"/>
</test>
<status status="PASS" start="2025-08-11T17:21:05.574025" elapsed="17.165810"/>
</suite>
<statistics>
<total>
<stat pass="1" fail="0" skip="0">All Tests</stat>
</total>
<tag>
</tag>
<suite>
<stat name="Login" id="s1" pass="1" fail="0" skip="0">Login</stat>
</suite>
</statistics>
<errors>
</errors>
</robot>
